<?xml version="1.0" encoding="UTF-8"?>
<testsuite name="com.adminsec.redirectfinder.PassiveAnalyzerTest" tests="6" skipped="0" failures="0" errors="0" timestamp="2026-07-13T23:02:40" hostname="parrot" time="0.62">
  <properties/>
  <testcase name="correlatesNearbyClientSourceAndSink()" classname="com.adminsec.redirectfinder.PassiveAnalyzerTest" time="0.497"/>
  <testcase name="decodingIsBoundedAndMalformedInputIsSafe()" classname="com.adminsec.redirectfinder.PassiveAnalyzerTest" time="0.008"/>
  <testcase name="scansGzipJavaScriptWithinConfiguredLimit()" classname="com.adminsec.redirectfinder.PassiveAnalyzerTest" time="0.016"/>
  <testcase name="elevatesReflectedLocation()" classname="com.adminsec.redirectfinder.PassiveAnalyzerTest" time="0.072"/>
  <testcase name="detectsEncodedExternalDestination()" classname="com.adminsec.redirectfinder.PassiveAnalyzerTest" time="0.01"/>
  <testcase name="ignoresOutOfScopeTraffic()" classname="com.adminsec.redirectfinder.PassiveAnalyzerTest" time="0.006"/>
  <system-out><![CDATA[]]></system-out>
  <system-err><![CDATA[]]></system-err>
</testsuite>
